<?xml version="1.0" encoding="UTF-8"?>
<testng-results skipped="0" failed="0" total="1" passed="1">
  <reporter-output>
  </reporter-output>
  <suite name="Default suite" duration-ms="29428" started-at="2019-05-26T14:01:43Z" finished-at="2019-05-26T14:02:13Z">
    <groups>
      <group name="cucumber">
        <method signature="AbstractTestNGCucumberTests.feature(cucumber.api.testng.CucumberFeatureWrapper)[pri:0, instance:cucumber.CucumberRunner@343f4d3d]" name="feature" class="cucumber.api.testng.AbstractTestNGCucumberTests"/>
      </group> <!-- cucumber -->
    </groups>
    <test name="Default test" duration-ms="29428" started-at="2019-05-26T14:01:43Z" finished-at="2019-05-26T14:02:13Z">
      <class name="cucumber.CucumberRunner">
        <test-method status="PASS" signature="setUpClass()[pri:0, instance:cucumber.CucumberRunner@343f4d3d]" name="setUpClass" is-config="true" duration-ms="267" started-at="2019-05-27T02:01:43Z" finished-at="2019-05-27T02:01:44Z">
          <reporter-output>
          </reporter-output>
        </test-method> <!-- setUpClass -->
        <test-method status="PASS" signature="feature(cucumber.api.testng.CucumberFeatureWrapper)[pri:0, instance:cucumber.CucumberRunner@343f4d3d]" name="feature" duration-ms="29020" started-at="2019-05-27T02:01:44Z" description="Runs Cucumber Feature" data-provider="features" finished-at="2019-05-27T02:02:13Z">
          <params>
            <param index="0">
              <value>
                <![CDATA[Kiwi saver retirment calc]]>
              </value>
            </param>
          </params>
          <reporter-output>
          </reporter-output>
        </test-method> <!-- feature -->
        <test-method status="PASS" signature="tearDownClass()[pri:0, instance:cucumber.CucumberRunner@343f4d3d]" name="tearDownClass" is-config="true" duration-ms="36" started-at="2019-05-27T02:02:13Z" finished-at="2019-05-27T02:02:13Z">
          <reporter-output>
          </reporter-output>
        </test-method> <!-- tearDownClass -->
      </class> <!-- cucumber.CucumberRunner -->
    </test> <!-- Default test -->
  </suite> <!-- Default suite -->
</testng-results>
